Using pre-set license
Built from '2021.3/staging' branch; Version is '2021.3.20f1 (577897200b8b) revision 5732503'; Using compiler version '192829333'; Build Type 'Release'
OS: 'Windows 10  (10.0.19042) 64bit Professional' Language: 'fr' Physical Memory: 8135 MB
BatchMode: 1, IsHumanControllingUs: 0, StartBugReporterOnCrash: 0, Is64bit: 1, IsPro: 1

COMMAND LINE ARGUMENTS:
C:\Program Files\Unity\Hub\Editor\2021.3.20f1\Editor\Unity.exe
-adb2
-batchMode
-noUpm
-name
AssetImportWorker0
-projectPath
C:/Users/axelp/My project (1)
-logFile
Logs/AssetImportWorker0.log
-srvPort
51219
Successfully changed project path to: C:/Users/axelp/My project (1)
C:/Users/axelp/My project (1)
[UnityMemory] Configuration Parameters - Can be set up in boot.config
    "memorysetup-bucket-allocator-granularity=16"
    "memorysetup-bucket-allocator-bucket-count=8"
    "memorysetup-bucket-allocator-block-size=33554432"
    "memorysetup-bucket-allocator-block-count=8"
    "memorysetup-main-allocator-block-size=16777216"
    "memorysetup-thread-allocator-block-size=16777216"
    "memorysetup-gfx-main-allocator-block-size=16777216"
    "memorysetup-gfx-thread-allocator-block-size=16777216"
    "memorysetup-cache-allocator-block-size=4194304"
    "memorysetup-typetree-allocator-block-size=2097152"
    "memorysetup-profiler-bucket-allocator-granularity=16"
    "memorysetup-profiler-bucket-allocator-bucket-count=8"
    "memorysetup-profiler-bucket-allocator-block-size=33554432"
    "memorysetup-profiler-bucket-allocator-block-count=8"
    "memorysetup-profiler-allocator-block-size=16777216"
    "memorysetup-profiler-editor-allocator-block-size=1048576"
    "memorysetup-temp-allocator-size-main=16777216"
    "memorysetup-job-temp-allocator-block-size=2097152"
    "memorysetup-job-temp-allocator-block-size-background=1048576"
    "memorysetup-job-temp-allocator-reduction-small-platforms=262144"
    "memorysetup-temp-allocator-size-background-worker=32768"
    "memorysetup-temp-allocator-size-job-worker=262144"
    "memorysetup-temp-allocator-size-preload-manager=33554432"
    "memorysetup-temp-allocator-size-nav-mesh-worker=65536"
    "memorysetup-temp-allocator-size-audio-worker=65536"
    "memorysetup-temp-allocator-size-cloud-worker=32768"
    "memorysetup-temp-allocator-size-gi-baking-worker=262144"
    "memorysetup-temp-allocator-size-gfx=262144"
Player connection [17316] Host "[IP] 192.168.1.33 [Port] 0 [Flags] 2 [Guid] 1609816896 [EditorId] 1609816896 [Version] 1048832 [Id] WindowsEditor(7,Axel8350K) [Debug] 1 [PackageName] WindowsEditor [ProjectName] Editor" joined multi-casting on [225.0.0.222:54997]...

Player connection [17316] Host "[IP] 192.168.1.33 [Port] 0 [Flags] 2 [Guid] 1609816896 [EditorId] 1609816896 [Version] 1048832 [Id] WindowsEditor(7,Axel8350K) [Debug] 1 [PackageName] WindowsEditor [ProjectName] Editor" joined alternative multi-casting on [225.0.0.222:34997]...

Refreshing native plugins compatible for Editor in 102.03 ms, found 4 plugins.
Preloading 0 native plugins for Editor in 0.00 ms.
Initialize engine version: 2021.3.20f1 (577897200b8b)
[Subsystems] Discovering subsystems at path C:/Program Files/Unity/Hub/Editor/2021.3.20f1/Editor/Data/Resources/UnitySubsystems
[Subsystems] Discovering subsystems at path C:/Users/axelp/My project (1)/Assets
GfxDevice: creating device client; threaded=0; jobified=0
Direct3D:
    Version:  Direct3D 11.0 [level 11.1]
    Renderer: NVIDIA GeForce GTX 1050 Ti (ID=0x1c82)
    Vendor:   NVIDIA
    VRAM:     4018 MB
    Driver:   31.0.15.1748
Initialize mono
Mono path[0] = 'C:/Program Files/Unity/Hub/Editor/2021.3.20f1/Editor/Data/Managed'
Mono path[1] = 'C:/Program Files/Unity/Hub/Editor/2021.3.20f1/Editor/Data/MonoBleedingEdge/lib/mono/unityjit-win32'
Mono config path = 'C:/Program Files/Unity/Hub/Editor/2021.3.20f1/Editor/Data/MonoBleedingEdge/etc'
Using monoOptions --debugger-agent=transport=dt_socket,embedding=1,server=y,suspend=n,address=127.0.0.1:56832
Begin MonoManager ReloadAssembly
Registering precompiled unity dll's ...
Register platform support module: C:/Program Files/Unity/Hub/Editor/2021.3.20f1/Editor/Data/PlaybackEngines/WebGLSupport/UnityEditor.WebGL.Extensions.dll
Register platform support module: C:/Program Files/Unity/Hub/Editor/2021.3.20f1/Editor/Data/PlaybackEngines/WindowsStandaloneSupport/UnityEditor.WindowsStandalone.Extensions.dll
Registered in 0.027578 seconds.
Native extension for WindowsStandalone target not found
Native extension for WebGL target not found
Refreshing native plugins compatible for Editor in 80.84 ms, found 4 plugins.
Preloading 0 native plugins for Editor in 0.00 ms.
Mono: successfully reloaded assembly
- Completed reload, in  0.829 seconds
Domain Reload Profiling:
	ReloadAssembly (829ms)
		BeginReloadAssembly (112ms)
			ExecutionOrderSort (0ms)
			DisableScriptedObjects (0ms)
			BackupInstance (0ms)
			ReleaseScriptingObjects (0ms)
			CreateAndSetChildDomain (1ms)
		EndReloadAssembly (528ms)
			LoadAssemblies (109ms)
			RebuildTransferFunctionScriptingTraits (0ms)
			SetupTypeCache (137ms)
			ReleaseScriptCaches (0ms)
			RebuildScriptCaches (28ms)
			SetupLoadedEditorAssemblies (284ms)
				LogAssemblyErrors (0ms)
				InitializePlatformSupportModulesInManaged (10ms)
				SetLoadedEditorAssemblies (0ms)
				RefreshPlugins (81ms)
				BeforeProcessingInitializeOnLoad (1ms)
				ProcessInitializeOnLoadAttributes (137ms)
				ProcessInitializeOnLoadMethodAttributes (55ms)
				AfterProcessingInitializeOnLoad (0ms)
				EditorAssembliesLoaded (0ms)
			ExecutionOrderSort2 (0ms)
			AwakeInstancesAfterBackupRestoration (0ms)
Platform modules already initialized, skipping
Registering precompiled user dll's ...
Registered in 0.009176 seconds.
Begin MonoManager ReloadAssembly
Symbol file LoadedFromMemory doesn't match image C:\Users\axelp\My project (1)\Library\PackageCache\com.unity.visualscripting@1.8.0\Editor\VisualScripting.Core\Dependencies\YamlDotNet\Unity.VisualScripting.YamlDotNet.dll
Symbol file LoadedFromMemory doesn't match image C:\Users\axelp\My project (1)\Library\PackageCache\com.unity.visualscripting@1.8.0\Editor\VisualScripting.Core\Dependencies\DotNetZip\Unity.VisualScripting.IonicZip.dll
Native extension for WindowsStandalone target not found
Native extension for WebGL target not found
Refreshing native plugins compatible for Editor in 0.54 ms, found 4 plugins.
Preloading 0 native plugins for Editor in 0.00 ms.
Mono: successfully reloaded assembly
- Completed reload, in  1.152 seconds
Domain Reload Profiling:
	ReloadAssembly (1153ms)
		BeginReloadAssembly (135ms)
			ExecutionOrderSort (0ms)
			DisableScriptedObjects (7ms)
			BackupInstance (0ms)
			ReleaseScriptingObjects (0ms)
			CreateAndSetChildDomain (20ms)
		EndReloadAssembly (897ms)
			LoadAssemblies (106ms)
			RebuildTransferFunctionScriptingTraits (0ms)
			SetupTypeCache (313ms)
			ReleaseScriptCaches (1ms)
			RebuildScriptCaches (55ms)
			SetupLoadedEditorAssemblies (400ms)
				LogAssemblyErrors (0ms)
				InitializePlatformSupportModulesInManaged (9ms)
				SetLoadedEditorAssemblies (0ms)
				RefreshPlugins (1ms)
				BeforeProcessingInitializeOnLoad (96ms)
				ProcessInitializeOnLoadAttributes (264ms)
				ProcessInitializeOnLoadMethodAttributes (20ms)
				AfterProcessingInitializeOnLoad (11ms)
				EditorAssembliesLoaded (0ms)
			ExecutionOrderSort2 (0ms)
			AwakeInstancesAfterBackupRestoration (7ms)
Platform modules already initialized, skipping
========================================================================
Worker process is ready to serve import requests
Launched and connected shader compiler UnityShaderCompiler.exe after 0.08 seconds
Refreshing native plugins compatible for Editor in 0.59 ms, found 4 plugins.
Preloading 0 native plugins for Editor in 0.00 ms.
Unloading 3120 Unused Serialized files (Serialized files now loaded: 0)
Unloading 34 unused Assets / (113.8 KB). Loaded Objects now: 3584.
Memory consumption went from 110.3 MB to 110.2 MB.
Total: 2.859700 ms (FindLiveObjects: 0.254600 ms CreateObjectMapping: 0.166100 ms MarkObjects: 2.327800 ms  DeleteObjects: 0.109600 ms)

AssetImportParameters requested are different than current active one (requested -> active):
  custom:video-decoder-ogg-theora: a1e56fd34408186e4bbccfd4996cb3dc -> 
  custom:container-muxer-webm: aa71ff27fc2769a1b78a27578f13a17b -> 
  custom:container-demuxer-webm: 4f35f7cbe854078d1ac9338744f61a02 -> 
  custom:video-encoder-webm-vp8: eb34c28f22e8b96e1ab97ce403110664 -> 
  custom:audio-encoder-webm-vorbis: bf7c407c2cedff20999df2af8eb42d56 -> 
  custom:framework-win-MediaFoundation: 216162199b28c13a410421893ffa2e32 -> 
  custom:container-demuxer-ogg: 62fdf1f143b41e24485cea50d1cbac27 -> 
  custom:video-decoder-webm-vp8: 9c59270c3fd7afecdb556c50c9e8de78 -> 
  custom:audio-decoder-ogg-vorbis: bf7c407c2cedff20999df2af8eb42d56 -> 
========================================================================
Received Import Request.
  Time since last request: 6874.698400 seconds.
  path: Packages/com.microsoft.maps.unity/package.json
  artifactKey: Guid(270085d7df8ebb4459185e08ed160865) Importer(815301076,1909f56bfc062723c751e8b465ee728b)
Start importing Packages/com.microsoft.maps.unity/package.json using Guid(270085d7df8ebb4459185e08ed160865) Importer(815301076,1909f56bfc062723c751e8b465ee728b)  -> (artifact id: '11c4bb94a1ceb309df7d8b38cb01852e') in 0.045748 seconds 
========================================================================
Received Import Request.
  Time since last request: 1140.541672 seconds.
  path: Assets
  artifactKey: Guid(00000000000000001000000000000000) Importer(815301076,1909f56bfc062723c751e8b465ee728b)
Start importing Assets using Guid(00000000000000001000000000000000) Importer(815301076,1909f56bfc062723c751e8b465ee728b)  -> (artifact id: '79842766b460edbeab6a34051e857a80') in 0.003264 seconds 
========================================================================
Received Import Request.
  Time since last request: 23.420743 seconds.
  path: Assets/Ressources
  artifactKey: Guid(84a747f7b3ce8ba4b8640ac3dfd5454a) Importer(815301076,1909f56bfc062723c751e8b465ee728b)
Start importing Assets/Ressources using Guid(84a747f7b3ce8ba4b8640ac3dfd5454a) Importer(815301076,1909f56bfc062723c751e8b465ee728b)  -> (artifact id: '923b07332c0fa094e29636f1c1153e1e') in 0.003250 seconds 
========================================================================
Received Import Request.
  Time since last request: 10.281741 seconds.
  path: Assets/Resources
  artifactKey: Guid(84a747f7b3ce8ba4b8640ac3dfd5454a) Importer(815301076,1909f56bfc062723c751e8b465ee728b)
Start importing Assets/Resources using Guid(84a747f7b3ce8ba4b8640ac3dfd5454a) Importer(815301076,1909f56bfc062723c751e8b465ee728b)  -> (artifact id: 'fce68028c89e2a627dad67a3baa280c9') in 0.002649 seconds 
========================================================================
Received Import Request.
  Time since last request: 17.397954 seconds.
  path: Assets/Resources/New Folder
  artifactKey: Guid(a94a2394947912744adda16291eee381) Importer(815301076,1909f56bfc062723c751e8b465ee728b)
Start importing Assets/Resources/New Folder using Guid(a94a2394947912744adda16291eee381) Importer(815301076,1909f56bfc062723c751e8b465ee728b)  -> (artifact id: '5bdf1ee65355d7417a9b6a4e87dce81d') in 0.014925 seconds 
========================================================================
Received Import Request.
  Time since last request: 7.834536 seconds.
  path: Assets/Resources/MapSession
  artifactKey: Guid(a94a2394947912744adda16291eee381) Importer(815301076,1909f56bfc062723c751e8b465ee728b)
Start importing Assets/Resources/MapSession using Guid(a94a2394947912744adda16291eee381) Importer(815301076,1909f56bfc062723c751e8b465ee728b)  -> (artifact id: 'ed2649f333f1ad600ab14eb4c8eb0f97') in 0.003838 seconds 
========================================================================
Received Import Request.
  Time since last request: 10.442207 seconds.
  path: Assets/Resources/MapSessionConfig.txt
  artifactKey: Guid(a94a2394947912744adda16291eee381) Importer(815301076,1909f56bfc062723c751e8b465ee728b)
Start importing Assets/Resources/MapSessionConfig.txt using Guid(a94a2394947912744adda16291eee381) Importer(815301076,1909f56bfc062723c751e8b465ee728b)  -> (artifact id: '61754e7b98a98b5b855c4c4346d5d6f1') in 0.002424 seconds 
========================================================================
Received Import Request.
  Time since last request: 65.208413 seconds.
  path: Assets/Resources/MapSessionConfig.txt
  artifactKey: Guid(a94a2394947912744adda16291eee381) Importer(815301076,1909f56bfc062723c751e8b465ee728b)
Start importing Assets/Resources/MapSessionConfig.txt using Guid(a94a2394947912744adda16291eee381) Importer(815301076,1909f56bfc062723c751e8b465ee728b)  -> (artifact id: '86f111523c9366c77f380d2e87e02a78') in 0.021482 seconds 
========================================================================
Received Import Request.
  Time since last request: 57.634841 seconds.
  path: Assets/Resources/MapSessionConfig.txt
  artifactKey: Guid(a94a2394947912744adda16291eee381) Importer(815301076,1909f56bfc062723c751e8b465ee728b)
Start importing Assets/Resources/MapSessionConfig.txt using Guid(a94a2394947912744adda16291eee381) Importer(815301076,1909f56bfc062723c751e8b465ee728b)  -> (artifact id: 'e658315f01ea73c806898447911ab462') in 0.002943 seconds 
